{
  "RSpec": {
    "coverage": {
      "/Users/chrismaddox/Dropbox/LivingSocial/Hungry Academy/Projects/associalize/associalize/app/helpers/pages_helper.rb": [
        1,
        null
      ],
      "/Users/chrismaddox/Dropbox/LivingSocial/Hungry Academy/Projects/associalize/associalize/app/models/authentication.rb": [
        1,
        1,
        1,
        1,
        1,
        null,
        1,
        3,
        3,
        12,
        6,
        null,
        null,
        3,
        3,
        null,
        null,
        1,
        4,
        4,
        4,
        null,
        null
      ],
      "/Users/chrismaddox/Dropbox/LivingSocial/Hungry Academy/Projects/associalize/associalize/app/models/feed_item.rb": [
        1,
        1,
        1,
        1,
        1,
        null,
        1,
        null,
        1,
        19,
        19,
        19,
        null,
        null,
        1,
        19,
        168,
        74,
        38,
        null,
        36,
        null,
        null,
        19,
        null,
        null,
        null,
        null,
        1,
        19,
        19,
        null,
        null,
        1,
        36,
        36,
        36,
        36,
        null,
        null,
        1,
        36,
        36,
        null,
        null,
        1,
        0,
        null,
        null,
        1,
        0,
        null,
        null,
        1,
        21,
        2,
        2,
        7,
        7,
        3,
        null,
        7,
        null,
        2,
        2,
        null,
        null,
        null
      ],
      "/Users/chrismaddox/Dropbox/LivingSocial/Hungry Academy/Projects/associalize/associalize/app/models/tweet.rb": [
        1,
        1,
        1,
        1,
        null,
        1,
        0,
        null,
        null,
        1,
        20,
        206,
        206,
        11,
        11,
        null,
        5,
        null,
        206,
        null,
        20,
        null,
        null,
        1,
        11,
        null,
        null
      ],
      "/Users/chrismaddox/Dropbox/LivingSocial/Hungry Academy/Projects/associalize/associalize/app/models/user.rb": [
        1,
        1,
        1,
        1,
        1,
        1,
        1,
        1,
        1,
        1,
        null,
        null,
        1,
        3,
        3,
        3,
        3,
        null,
        null,
        1,
        3,
        null,
        null,
        1,
        0,
        null,
        null,
        1,
        10,
        null,
        null,
        1,
        1,
        null,
        null,
        1,
        1,
        null,
        null,
        1,
        3,
        null,
        null,
        1,
        0,
        0,
        null,
        null,
        1,
        0,
        0,
        null,
        null
      ],
      "/Users/chrismaddox/Dropbox/LivingSocial/Hungry Academy/Projects/associalize/associalize/app/models/provider_methods.rb": [
        1,
        1,
        2,
        3,
        null,
        null,
        2,
        0,
        0,
        0,
        null,
        null,
        null,
        null
      ],
      "/Users/chrismaddox/Dropbox/LivingSocial/Hungry Academy/Projects/associalize/associalize/app/models/boundary.rb": [
        1,
        1,
        1,
        1,
        1,
        5,
        5,
        5,
        null,
        null,
        1,
        5,
        5,
        5,
        5,
        5,
        5,
        null,
        5,
        null,
        null,
        1,
        5,
        5,
        5,
        null,
        null,
        1,
        0,
        null,
        null,
        1,
        0,
        null,
        null
      ],
      "/Users/chrismaddox/Dropbox/LivingSocial/Hungry Academy/Projects/associalize/associalize/app/models/credential.rb": [
        1,
        1,
        1,
        1,
        1,
        1,
        null
      ],
      "/Users/chrismaddox/Dropbox/LivingSocial/Hungry Academy/Projects/associalize/associalize/app/models/deal.rb": [
        1,
        1,
        null,
        1,
        0,
        0,
        0,
        0,
        null,
        0,
        null,
        null,
        0,
        null,
        null
      ],
      "/Users/chrismaddox/Dropbox/LivingSocial/Hungry Academy/Projects/associalize/associalize/app/models/facebook_user.rb": [
        1,
        1,
        1,
        null
      ],
      "/Users/chrismaddox/Dropbox/LivingSocial/Hungry Academy/Projects/associalize/associalize/app/models/living_social_deal.rb": [
        1,
        1,
        null,
        1,
        1,
        1,
        1,
        1,
        1,
        1,
        1,
        1,
        1,
        1,
        1,
        1,
        1,
        1,
        1,
        1,
        1,
        1,
        1,
        1,
        1,
        1,
        1,
        1,
        1,
        1,
        null,
        null,
        1,
        null,
        null
      ],
      "/Users/chrismaddox/Dropbox/LivingSocial/Hungry Academy/Projects/associalize/associalize/app/models/location.rb": [
        1,
        1,
        1,
        1,
        1,
        1,
        null,
        1,
        4,
        null,
        null,
        null
      ],
      "/Users/chrismaddox/Dropbox/LivingSocial/Hungry Academy/Projects/associalize/associalize/app/models/personalizer.rb": [
        1,
        1,
        null,
        1,
        1,
        1,
        null,
        null,
        1,
        0,
        0,
        null,
        0,
        null,
        null,
        null,
        1,
        0,
        null,
        null,
        null,
        null,
        null,
        null,
        null,
        1,
        0,
        null,
        null,
        null,
        null
      ]
    },
    "timestamp": 1341231132
  }
}
